[debug] [2025-07-18T12:38:06.605Z] ----------------------------------------------------------------------
[debug] [2025-07-18T12:38:06.607Z] Command:       /Users/anthonycoffey/.nvm/versions/node/v22.17.0/bin/node /Users/anthonycoffey/.nvm/versions/node/v22.17.0/bin/firebase init
[debug] [2025-07-18T12:38:06.607Z] CLI Version:   14.11.0
[debug] [2025-07-18T12:38:06.607Z] Platform:      darwin
[debug] [2025-07-18T12:38:06.607Z] Node Version:  v22.17.0
[debug] [2025-07-18T12:38:06.608Z] Time:          Fri Jul 18 2025 07:38:06 GMT-0500 (Central Daylight Time)
[debug] [2025-07-18T12:38:06.608Z] ----------------------------------------------------------------------
[debug] 
[debug] [2025-07-18T12:38:06.611Z] > command requires scopes: ["email","openid","https://www.googleapis.com/auth/cloudplatformprojects.readonly","https://www.googleapis.com/auth/firebase","https://www.googleapis.com/auth/cloud-platform"]
[debug] [2025-07-18T12:38:06.611Z] > authorizing via signed-in user (coffey.j.anthony@gmail.com)
[info] 
     ######## #### ########  ######## ########     ###     ######  ########
     ##        ##  ##     ## ##       ##     ##  ##   ##  ##       ##
     ######    ##  ########  ######   ########  #########  ######  ######
     ##        ##  ##    ##  ##       ##     ## ##     ##       ## ##
     ##       #### ##     ## ######## ########  ##     ##  ######  ########

You're about to initialize a Firebase project in this directory:

  /Users/anthonycoffey/repos/resident-app

[debug] [2025-07-18T12:39:54.496Z] ExitPromptError: User force closed the prompt with SIGINT
    at Interface.sigint (/Users/anthonycoffey/.nvm/versions/node/v22.17.0/lib/node_modules/firebase-tools/node_modules/@inquirer/core/dist/commonjs/lib/create-prompt.js:101:37)
    at Interface.emit (node:events:518:28)
    at Interface.emit (node:domain:489:12)
    at [_ttyWrite] [as _ttyWrite] (node:internal/readline/interface:1132:18)
    at ReadStream.onkeypress (node:internal/readline/interface:271:20)
    at ReadStream.emit (node:events:530:35)
    at ReadStream.emit (node:domain:489:12)
    at emitKeys (node:internal/readline/utils:370:14)
    at emitKeys.next (<anonymous>)
    at ReadStream.onData (node:internal/readline/emitKeypressEvents:64:36)
[error] 
[error] Error: An unexpected error has occurred.
